<?xml version="1.0" encoding="UTF-8"?>
<!-- Generated by org.testng.reporters.JUnitXMLReporter -->
<testsuite ignored="0" hostname="Admins-MacBook-Air-30.local" failures="2" tests="7" name="Test" time="176.1" errors="0" timestamp="2023-05-05T11:01:23 IST">
  <testcase classname="com.fairplay.test.affliliate.AffiliateSignUpFlowThroughFP_Registration" name="checkVisibilityOfWhatsApp" time="10.222"/>
  <testcase classname="com.fairplay.test.affliliate.AffiliateSignUpFlowThroughFP_Registration" name="verifySignupWithStrongPwd" time="15.241">
    <failure type="java.lang.AssertionError" message="expected [User Registered Successfully &amp;amp; OTP Has Been Sent To Registered Mobile Number] but found [Please try after some time 001]">
      <![CDATA[java.lang.AssertionError: expected [User Registered Successfully & OTP Has Been Sent To Registered Mobile Number] but found [Please try after some time 001]
at com.fairplay.test.affliliate.AffiliateSignUpFlowThroughFP_Registration.verifySignupWithStrongPwd(AffiliateSignUpFlowThroughFP_Registration.java:38)
at java.base/java.util.ArrayList.forEach(ArrayList.java:1511)
... Removed 32 stack frames]]>
    </failure>
  </testcase> <!-- verifySignupWithStrongPwd -->
  <testcase classname="com.fairplay.test.affliliate.AffiliateSignUpFlowThroughFP_Registration" name="verifyCheckBox" time="30.042"/>
  <testcase classname="com.fairplay.test.affliliate.AffiliateSignUpFlowThroughFP_Registration" name="verifyDepositPageBanner" time="50.187"/>
  <testcase classname="com.fairplay.test.affliliate.AffiliateSignUpFlowThroughFP_Registration" name="verifyWithdrawalPageBanner" time="30.103"/>
  <testcase classname="com.fairplay.test.affliliate.AffiliateSignUpFlowThroughFP_Registration" name="verifyWhatsAppProfile" time="30.141"/>
  <testcase classname="com.fairplay.test.affliliate.AffiliateSignUpFlowThroughFP_Registration" name="verifyLogout" time="10.029">
    <failure type="org.openqa.selenium.NoSuchElementException" message="no such element: Unable to locate element: {&amp;quot;method&amp;quot;:&amp;quot;xpath&amp;quot;,&amp;quot;selector&amp;quot;:&amp;quot;//span[contains(text(), &amp;apos;Logout&amp;apos;)]&amp;quot;}
  (Session info: chrome=112.0.5615.137)
For documentation on this error, please visit: https://selenium.dev/exceptions/#no_such_element
Build info: version: &amp;apos;4.1.1&amp;apos;, revision: &amp;apos;e8fcc2cecf&amp;apos;
System info: host: &amp;apos;Admins-MacBook-Air-30.local&amp;apos;, ip: &amp;apos;fe80:0:0:0:ee:7b69:1515:aca2%en0&amp;apos;, os.name: &amp;apos;Mac OS X&amp;apos;, os.arch: &amp;apos;x86_64&amp;apos;, os.version: &amp;apos;13.2.1&amp;apos;, java.version: &amp;apos;18.0.2.1&amp;apos;
Driver info: org.openqa.selenium.chrome.ChromeDriver
Command: [77262c9b5cd8e6330dab8de0556c7962, findElement {using=xpath, value=//span[contains(text(), &amp;apos;Logout&amp;apos;)]}]
Capabilities {acceptInsecureCerts: false, browserName: chrome, browserVersion: 112.0.5615.137, chrome: {chromedriverVersion: 112.0.5615.49 (bd2a7bcb881c..., userDataDir: /var/folders/n9/2bhdrs253tn...}, goog:chromeOptions: {debuggerAddress: localhost:64165}, javascriptEnabled: true, networkConnectionEnabled: false, pageLoadStrategy: normal, platform: MAC, platformName: MAC, proxy: Proxy(), se:cdp: ws://localhost:64165/devtoo..., se:cdpVersion: 112.0.5615.137, setWindowRect: true, strictFileInteractability: false, timeouts: {implicit: 0, pageLoad: 300000, script: 30000}, unhandledPromptBehavior: dismiss and notify, webauthn:extension:credBlob: true, webauthn:extension:largeBlob: true, webauthn:extension:minPinLength: true, webauthn:extension:prf: true, webauthn:virtualAuthenticators: true}
Session ID: 77262c9b5cd8e6330dab8de0556c7962">
      <![CDATA[org.openqa.selenium.NoSuchElementException: no such element: Unable to locate element: {"method":"xpath","selector":"//span[contains(text(), 'Logout')]"}
  (Session info: chrome=112.0.5615.137)
For documentation on this error, please visit: https://selenium.dev/exceptions/#no_such_element
Build info: version: '4.1.1', revision: 'e8fcc2cecf'
System info: host: 'Admins-MacBook-Air-30.local', ip: 'fe80:0:0:0:ee:7b69:1515:aca2%en0', os.name: 'Mac OS X', os.arch: 'x86_64', os.version: '13.2.1', java.version: '18.0.2.1'
Driver info: org.openqa.selenium.chrome.ChromeDriver
Command: [77262c9b5cd8e6330dab8de0556c7962, findElement {using=xpath, value=//span[contains(text(), 'Logout')]}]
Capabilities {acceptInsecureCerts: false, browserName: chrome, browserVersion: 112.0.5615.137, chrome: {chromedriverVersion: 112.0.5615.49 (bd2a7bcb881c..., userDataDir: /var/folders/n9/2bhdrs253tn...}, goog:chromeOptions: {debuggerAddress: localhost:64165}, javascriptEnabled: true, networkConnectionEnabled: false, pageLoadStrategy: normal, platform: MAC, platformName: MAC, proxy: Proxy(), se:cdp: ws://localhost:64165/devtoo..., se:cdpVersion: 112.0.5615.137, setWindowRect: true, strictFileInteractability: false, timeouts: {implicit: 0, pageLoad: 300000, script: 30000}, unhandledPromptBehavior: dismiss and notify, webauthn:extension:credBlob: true, webauthn:extension:largeBlob: true, webauthn:extension:minPinLength: true, webauthn:extension:prf: true, webauthn:virtualAuthenticators: true}
Session ID: 77262c9b5cd8e6330dab8de0556c7962
at org.openqa.selenium.remote.codec.w3c.W3CHttpResponseCodec.createException(W3CHttpResponseCodec.java:200)
at org.openqa.selenium.remote.codec.w3c.W3CHttpResponseCodec.decode(W3CHttpResponseCodec.java:133)
at org.openqa.selenium.remote.codec.w3c.W3CHttpResponseCodec.decode(W3CHttpResponseCodec.java:53)
at org.openqa.selenium.remote.HttpCommandExecutor.execute(HttpCommandExecutor.java:184)
at org.openqa.selenium.remote.service.DriverCommandExecutor.invokeExecute(DriverCommandExecutor.java:167)
at org.openqa.selenium.remote.service.DriverCommandExecutor.execute(DriverCommandExecutor.java:142)
at org.openqa.selenium.remote.RemoteWebDriver.execute(RemoteWebDriver.java:543)
at org.openqa.selenium.remote.ElementLocation$ElementFinder$2.findElement(ElementLocation.java:162)
at org.openqa.selenium.remote.ElementLocation.findElement(ElementLocation.java:60)
at org.openqa.selenium.remote.RemoteWebDriver.findElement(RemoteWebDriver.java:367)
at org.openqa.selenium.remote.RemoteWebDriver.findElement(RemoteWebDriver.java:359)
at org.openqa.selenium.support.pagefactory.DefaultElementLocator.findElement(DefaultElementLocator.java:70)
at org.openqa.selenium.support.pagefactory.internal.LocatingElementHandler.invoke(LocatingElementHandler.java:39)
at jdk.proxy2/jdk.proxy2.$Proxy20.getWrappedElement(Unknown Source)
at org.openqa.selenium.remote.internal.WebElementToJsonConverter.apply(WebElementToJsonConverter.java:51)
at java.base/java.util.stream.ReferencePipeline$3$1.accept(ReferencePipeline.java:197)
at java.base/java.util.Spliterators$ArraySpliterator.forEachRemaining(Spliterators.java:992)
at java.base/java.util.stream.AbstractPipeline.copyInto(AbstractPipeline.java:509)
at java.base/java.util.stream.AbstractPipeline.wrapAndCopyInto(AbstractPipeline.java:499)
at java.base/java.util.stream.ReduceOps$ReduceOp.evaluateSequential(ReduceOps.java:921)
at java.base/java.util.stream.AbstractPipeline.evaluate(AbstractPipeline.java:234)
at java.base/java.util.stream.ReferencePipeline.collect(ReferencePipeline.java:682)
at org.openqa.selenium.remote.RemoteWebDriver.executeScript(RemoteWebDriver.java:474)
at com.fairplay.library.ActionClass.jSForScroll(ActionClass.java:25)
at com.fairplay.main.FairplaySignupPage.logout(FairplaySignupPage.java:509)
at com.fairplay.test.affliliate.AffiliateSignUpFlowThroughFP_Registration.verifyLogout(AffiliateSignUpFlowThroughFP_Registration.java:94)
at java.base/java.util.ArrayList.forEach(ArrayList.java:1511)
... Removed 29 stack frames]]>
    </failure>
  </testcase> <!-- verifyLogout -->
</testsuite> <!-- Test -->
