<?xml version="1.0" encoding="UTF-8"?>
<!-- Generated by org.testng.reporters.JUnitReportReporter -->
<testsuite hostname="Admins-MacBook-Air-30.local" failures="2" tests="11" name="com.fairplay.test.DepositPageTestCases" time="122.356" errors="0" timestamp="2023-04-10T16:29:52 IST" skipped="0">
  <testcase classname="com.fairplay.test.DepositPageTestCases" name="login" time="8.569"/>
  <system-out/>
  <testcase classname="com.fairplay.test.DepositPageTestCases" name="verifyDeposit" time="3.310"/>
  <system-out/>
  <testcase classname="com.fairplay.test.DepositPageTestCases" name="verifydepositThroughFPBook" time="7.420">
    <failure message="expected:&lt;null&gt; but was:&lt;Share on WhatsApp&gt;" type="java.lang.AssertionError">
      <![CDATA[java.lang.AssertionError: expected:<null> but was:<Share on WhatsApp>
at org.testng.AssertJUnit.assertEquals(AssertJUnit.java:115)
at org.testng.AssertJUnit.assertEquals(AssertJUnit.java:125)
at com.fairplay.test.DepositPageTestCases.verifydepositThroughFPBook(DepositPageTestCases.java:35)
at java.base/jdk.internal.reflect.DirectMethodHandleAccessor.invoke(DirectMethodHandleAccessor.java:104)
at java.base/java.lang.reflect.Method.invoke(Method.java:577)
at org.testng.internal.invokers.MethodInvocationHelper.invokeMethod(MethodInvocationHelper.java:135)
at org.testng.internal.invokers.TestInvoker.invokeMethod(TestInvoker.java:673)
at org.testng.internal.invokers.TestInvoker.invokeTestMethod(TestInvoker.java:220)
at org.testng.internal.invokers.MethodRunner.runInSequence(MethodRunner.java:50)
at org.testng.internal.invokers.TestInvoker$MethodInvocationAgent.invoke(TestInvoker.java:945)
at org.testng.internal.invokers.TestInvoker.invokeTestMethods(TestInvoker.java:193)
at org.testng.internal.invokers.TestMethodWorker.invokeTestMethods(TestMethodWorker.java:146)
at org.testng.internal.invokers.TestMethodWorker.run(TestMethodWorker.java:128)
at java.base/java.util.ArrayList.forEach(ArrayList.java:1511)
at org.testng.TestRunner.privateRun(TestRunner.java:808)
at org.testng.TestRunner.run(TestRunner.java:603)
at org.testng.SuiteRunner.runTest(SuiteRunner.java:429)
at org.testng.SuiteRunner.runSequentially(SuiteRunner.java:423)
at org.testng.SuiteRunner.privateRun(SuiteRunner.java:383)
at org.testng.SuiteRunner.run(SuiteRunner.java:326)
at org.testng.SuiteRunnerWorker.runSuite(SuiteRunnerWorker.java:52)
at org.testng.SuiteRunnerWorker.run(SuiteRunnerWorker.java:95)
at org.testng.TestNG.runSuitesSequentially(TestNG.java:1249)
at org.testng.TestNG.runSuitesLocally(TestNG.java:1169)
at org.testng.TestNG.runSuites(TestNG.java:1092)
at org.testng.TestNG.run(TestNG.java:1060)
at org.testng.remote.AbstractRemoteTestNG.run(AbstractRemoteTestNG.java:115)
at org.testng.remote.RemoteTestNG.initAndRun(RemoteTestNG.java:251)
at org.testng.remote.RemoteTestNG.main(RemoteTestNG.java:77)
]]>
    </failure>
  </testcase> <!-- verifydepositThroughFPBook -->
  <system-out/>
  <testcase classname="com.fairplay.test.DepositPageTestCases" name="verifyDepositThroughUPI" time="15.315">
    <failure message="expected:&lt;&gt; but was:&lt;Invalid Request&gt;" type="java.lang.AssertionError">
      <![CDATA[java.lang.AssertionError: expected:<> but was:<Invalid Request>
at org.testng.AssertJUnit.assertEquals(AssertJUnit.java:115)
at org.testng.AssertJUnit.assertEquals(AssertJUnit.java:125)
at com.fairplay.test.DepositPageTestCases.verifyDepositThroughUPI(DepositPageTestCases.java:43)
at java.base/jdk.internal.reflect.DirectMethodHandleAccessor.invoke(DirectMethodHandleAccessor.java:104)
at java.base/java.lang.reflect.Method.invoke(Method.java:577)
at org.testng.internal.invokers.MethodInvocationHelper.invokeMethod(MethodInvocationHelper.java:135)
at org.testng.internal.invokers.TestInvoker.invokeMethod(TestInvoker.java:673)
at org.testng.internal.invokers.TestInvoker.invokeTestMethod(TestInvoker.java:220)
at org.testng.internal.invokers.MethodRunner.runInSequence(MethodRunner.java:50)
at org.testng.internal.invokers.TestInvoker$MethodInvocationAgent.invoke(TestInvoker.java:945)
at org.testng.internal.invokers.TestInvoker.invokeTestMethods(TestInvoker.java:193)
at org.testng.internal.invokers.TestMethodWorker.invokeTestMethods(TestMethodWorker.java:146)
at org.testng.internal.invokers.TestMethodWorker.run(TestMethodWorker.java:128)
at java.base/java.util.ArrayList.forEach(ArrayList.java:1511)
at org.testng.TestRunner.privateRun(TestRunner.java:808)
at org.testng.TestRunner.run(TestRunner.java:603)
at org.testng.SuiteRunner.runTest(SuiteRunner.java:429)
at org.testng.SuiteRunner.runSequentially(SuiteRunner.java:423)
at org.testng.SuiteRunner.privateRun(SuiteRunner.java:383)
at org.testng.SuiteRunner.run(SuiteRunner.java:326)
at org.testng.SuiteRunnerWorker.runSuite(SuiteRunnerWorker.java:52)
at org.testng.SuiteRunnerWorker.run(SuiteRunnerWorker.java:95)
at org.testng.TestNG.runSuitesSequentially(TestNG.java:1249)
at org.testng.TestNG.runSuitesLocally(TestNG.java:1169)
at org.testng.TestNG.runSuites(TestNG.java:1092)
at org.testng.TestNG.run(TestNG.java:1060)
at org.testng.remote.AbstractRemoteTestNG.run(AbstractRemoteTestNG.java:115)
at org.testng.remote.RemoteTestNG.initAndRun(RemoteTestNG.java:251)
at org.testng.remote.RemoteTestNG.main(RemoteTestNG.java:77)
]]>
    </failure>
  </testcase> <!-- verifyDepositThroughUPI -->
  <system-out/>
  <testcase classname="com.fairplay.test.DepositPageTestCases" name="upi_transaction_details" time="6.854"/>
  <system-out/>
  <testcase classname="com.fairplay.test.DepositPageTestCases" name="verifyDepositThroughNetBanking" time="18.244"/>
  <system-out/>
  <testcase classname="com.fairplay.test.DepositPageTestCases" name="netBanking_transaction_details" time="5.979"/>
  <system-out/>
  <testcase classname="com.fairplay.test.DepositPageTestCases" name="verifyDepositThroughBankDeposit" time="15.396"/>
  <system-out/>
  <testcase classname="com.fairplay.test.DepositPageTestCases" name="bankDepposit_transaction_details" time="7.571"/>
  <system-out/>
  <testcase classname="com.fairplay.test.DepositPageTestCases" name="verifyDepositThroughAstropay" time="27.847"/>
  <system-out/>
  <testcase classname="com.fairplay.test.DepositPageTestCases" name="astropay_transaction_details" time="5.851"/>
  <system-out/>
</testsuite> <!-- com.fairplay.test.DepositPageTestCases -->
